2026-03-16 17:11:28,255 INFO o.a.j.u.JMeterUtils: Setting Locale to ja_JP
2026-03-16 17:11:28,286 INFO o.a.j.u.JMeterUtils: Could not find resources for 'ja_JP', using 'ja'
2026-03-16 17:11:28,288 INFO o.a.j.JMeter: Loading user properties from: user.properties
2026-03-16 17:11:28,288 INFO o.a.j.JMeter: Loading system properties from: system.properties
2026-03-16 17:11:28,305 INFO o.a.j.JMeter: Copyright (c) 1998-2024 The Apache Software Foundation
2026-03-16 17:11:28,306 INFO o.a.j.JMeter: Version 5.6.3
2026-03-16 17:11:28,306 INFO o.a.j.JMeter: java.version=1.8.0_481
2026-03-16 17:11:28,306 INFO o.a.j.JMeter: java.vm.name=Java HotSpot(TM) Client VM
2026-03-16 17:11:28,306 INFO o.a.j.JMeter: os.name=Windows 11
2026-03-16 17:11:28,306 INFO o.a.j.JMeter: os.arch=x86
2026-03-16 17:11:28,306 INFO o.a.j.JMeter: os.version=10.0
2026-03-16 17:11:28,306 INFO o.a.j.JMeter: file.encoding=MS932
2026-03-16 17:11:28,306 INFO o.a.j.JMeter: java.awt.headless=null
2026-03-16 17:11:28,306 INFO o.a.j.JMeter: Max memory     =259522560
2026-03-16 17:11:28,306 INFO o.a.j.JMeter: Available Processors =12
2026-03-16 17:11:28,318 INFO o.a.j.JMeter: Default Locale=日本語 (日本)
2026-03-16 17:11:28,318 INFO o.a.j.JMeter: JMeter  Locale=日本語 (日本)
2026-03-16 17:11:28,319 INFO o.a.j.JMeter: JMeterHome=C:\Users\SudeepFuji\Downloads\apache-jmeter-5.6.3\apache-jmeter-5.6.3
2026-03-16 17:11:28,319 INFO o.a.j.JMeter: user.dir  =C:\Users\SudeepFuji\Downloads\apache-jmeter-5.6.3\apache-jmeter-5.6.3\bin
2026-03-16 17:11:28,319 INFO o.a.j.JMeter: PWD       =C:\Users\SudeepFuji\Downloads\apache-jmeter-5.6.3\apache-jmeter-5.6.3\bin
2026-03-16 17:11:28,336 INFO o.a.j.JMeter: IP: 192.168.124.4 Name: 520-361 FullName: 520-361
2026-03-16 17:11:28,372 INFO o.a.j.JMeter: Loaded icon properties from org/apache/jmeter/images/icon.properties
2026-03-16 17:11:28,678 INFO o.a.j.JMeterGuiLauncher: Setting LAF to: com.github.weisj.darklaf.DarkLaf:com.github.weisj.darklaf.theme.DarculaTheme
