2026-03-04 13:02:43,455 DEBUG o.a.h.i.c.PoolingHttpClientConnectionManager: Connection [id: 33][route: {}->http://127.0.0.1:8080][state: SpringThreadWithController 1-1] can be kept alive for 60.0 seconds
2026-03-04 13:02:43,455 DEBUG o.a.h.i.c.DefaultManagedHttpClientConnection: http-outgoing-33: set socket timeout to 0
2026-03-04 13:02:43,455 DEBUG o.a.h.i.c.PoolingHttpClientConnectionManager: Connection released: [id: 33][route: {}->http://127.0.0.1:8080][state: SpringThreadWithController 1-1][total available: 1; route allocated: 1 of 2; total allocated: 1 of 20]
2026-03-04 13:02:44,288 INFO o.a.j.t.JMeterThread: Thread is done: SpringThreadWithController 1-1
2026-03-04 13:02:44,288 INFO o.a.j.t.JMeterThread: Thread finished: SpringThreadWithController 1-1
2026-03-04 13:02:44,288 DEBUG o.a.h.i.c.PoolingHttpClientConnectionManager: Connection manager is shutting down
2026-03-04 13:02:44,288 DEBUG o.a.h.i.c.DefaultManagedHttpClientConnection: http-outgoing-33: Close connection
2026-03-04 13:02:44,288 DEBUG o.a.h.i.c.PoolingHttpClientConnectionManager: Connection manager shut down
2026-03-04 13:02:44,288 INFO o.a.j.e.StandardJMeterEngine: Notifying test listeners of end of test
2026-03-04 13:02:44,319 INFO o.a.j.g.u.JMeterMenuBar: setRunning(false, *local*)
2026-03-04 13:03:07,197 INFO o.a.j.e.StandardJMeterEngine: Running the test!
2026-03-04 13:03:07,197 INFO o.a.j.s.SampleEvent: List of sample_variables: []
2026-03-04 13:03:07,197 INFO o.a.j.g.u.JMeterMenuBar: setRunning(true, *local*)
2026-03-04 13:03:07,342 INFO o.a.j.e.StandardJMeterEngine: Starting ThreadGroup: 1 : SpringThreadWithController
2026-03-04 13:03:07,342 INFO o.a.j.e.StandardJMeterEngine: Starting 1 threads for group SpringThreadWithController.
2026-03-04 13:03:07,342 INFO o.a.j.e.StandardJMeterEngine: Thread will continue on error
2026-03-04 13:03:07,342 INFO o.a.j.t.ThreadGroup: Starting thread group... number=1 threads=1 ramp-up=1 delayedStart=false
2026-03-04 13:03:07,347 INFO o.a.j.t.ThreadGroup: Started thread group number 1
2026-03-04 13:03:07,347 INFO o.a.j.e.StandardJMeterEngine: All thread groups have been started
2026-03-04 13:03:07,347 INFO o.a.j.t.JMeterThread: Thread started: SpringThreadWithController 1-1
2026-03-04 13:03:07,350 DEBUG o.a.h.c.p.RequestAddCookies: CookieSpec selected: default
2026-03-04 13:03:07,351 DEBUG o.a.h.c.p.RequestAddCookies: Unsupported cookie policy: default
2026-03-04 13:03:07,351 DEBUG o.a.h.c.p.RequestAuthCache: Auth cache not set in the context
2026-03-04 13:03:07,351 DEBUG o.a.h.i.c.PoolingHttpClientConnectionManager: Connection request: [route: {}->http://127.0.0.1:8080][state: SpringThreadWithController 1-1][total available: 0; route allocated: 0 of 2; total allocated: 0 of 20]
2026-03-04 13:03:07,351 DEBUG o.a.h.i.c.PoolingHttpClientConnectionManager: Connection leased: [id: 34][route: {}->http://127.0.0.1:8080][total available: 0; route allocated: 1 of 2; total allocated: 1 of 20]
2026-03-04 13:03:07,351 DEBUG o.a.h.i.e.MainClientExec: Opening connection {}->http://127.0.0.1:8080
2026-03-04 13:03:07,352 DEBUG o.a.h.i.e.MainClientExec: Executing request GET /time?message=What%20time%20is%20it%20in%20tokyo,japan? HTTP/1.1
2026-03-04 13:03:07,352 DEBUG o.a.h.i.e.MainClientExec: Proxy auth state: UNCHALLENGED
2026-03-04 13:03:07,352 DEBUG o.a.h.headers: http-outgoing-34 >> GET /time?message=What%20time%20is%20it%20in%20tokyo,japan? HTTP/1.1
2026-03-04 13:03:07,353 DEBUG o.a.h.headers: http-outgoing-34 >> Connection: keep-alive
2026-03-04 13:03:07,353 DEBUG o.a.h.headers: http-outgoing-34 >> Authorization: Bearer ${Open_AI_KEY}
2026-03-04 13:03:07,353 DEBUG o.a.h.headers: http-outgoing-34 >> username: sudh
2026-03-04 13:03:07,353 DEBUG o.a.h.headers: http-outgoing-34 >> Content-Type: application/json
2026-03-04 13:03:07,353 DEBUG o.a.h.headers: http-outgoing-34 >> Host: 127.0.0.1:8080
2026-03-04 13:03:07,353 DEBUG o.a.h.headers: http-outgoing-34 >> User-Agent: Apache-HttpClient/4.5.14 (Java/1.8.0_481)
2026-03-04 13:03:07,353 DEBUG o.a.h.wire: http-outgoing-34 >> "GET /time?message=What%20time%20is%20it%20in%20tokyo,japan? HTTP/1.1[\r][\n]"
2026-03-04 13:03:07,353 DEBUG o.a.h.wire: http-outgoing-34 >> "Connection: keep-alive[\r][\n]"
2026-03-04 13:03:07,353 DEBUG o.a.h.wire: http-outgoing-34 >> "Authorization: Bearer ${Open_AI_KEY}[\r][\n]"
2026-03-04 13:03:07,353 DEBUG o.a.h.wire: http-outgoing-34 >> "username: sudh[\r][\n]"
2026-03-04 13:03:07,353 DEBUG o.a.h.wire: http-outgoing-34 >> "Content-Type: application/json[\r][\n]"
2026-03-04 13:03:07,353 DEBUG o.a.h.wire: http-outgoing-34 >> "Host: 127.0.0.1:8080[\r][\n]"
2026-03-04 13:03:07,353 DEBUG o.a.h.wire: http-outgoing-34 >> "User-Agent: Apache-HttpClient/4.5.14 (Java/1.8.0_481)[\r][\n]"
2026-03-04 13:03:07,353 DEBUG o.a.h.wire: http-outgoing-34 >> "[\r][\n]"
2026-03-04 13:03:11,707 DEBUG o.a.h.wire: http-outgoing-34 << "HTTP/1.1 200 [\r][\n]"
2026-03-04 13:03:11,708 DEBUG o.a.h.wire: http-outgoing-34 << "Content-Type: text/plain;charset=UTF-8[\r][\n]"
2026-03-04 13:03:11,708 DEBUG o.a.h.wire: http-outgoing-34 << "Content-Length: 77[\r][\n]"
2026-03-04 13:03:11,708 DEBUG o.a.h.wire: http-outgoing-34 << "Date: Wed, 04 Mar 2026 04:03:11 GMT[\r][\n]"
2026-03-04 13:03:11,708 DEBUG o.a.h.wire: http-outgoing-34 << "Keep-Alive: timeout=60[\r][\n]"
2026-03-04 13:03:11,708 DEBUG o.a.h.wire: http-outgoing-34 << "Connection: keep-alive[\r][\n]"
2026-03-04 13:03:11,708 DEBUG o.a.h.wire: http-outgoing-34 << "[\r][\n]"
2026-03-04 13:03:11,708 DEBUG o.a.h.wire: http-outgoing-34 << "It's 2026-03-04T13:03:09.671319500 (Japan Standard Time, UTC+09:00) in Tokyo."
2026-03-04 13:03:11,708 DEBUG o.a.h.headers: http-outgoing-34 << HTTP/1.1 200
2026-03-04 13:03:11,708 DEBUG o.a.h.headers: http-outgoing-34 << Content-Type: text/plain;charset=UTF-8
2026-03-04 13:03:11,708 DEBUG o.a.h.headers: http-outgoing-34 << Content-Length: 77
2026-03-04 13:03:11,708 DEBUG o.a.h.headers: http-outgoing-34 << Date: Wed, 04 Mar 2026 04:03:11 GMT
2026-03-04 13:03:11,708 DEBUG o.a.h.headers: http-outgoing-34 << Keep-Alive: timeout=60
2026-03-04 13:03:11,708 DEBUG o.a.h.headers: http-outgoing-34 << Connection: keep-alive
2026-03-04 13:03:11,709 DEBUG o.a.h.i.e.MainClientExec: Connection can be kept alive for 60000 MILLISECONDS
2026-03-04 13:03:11,709 DEBUG o.a.h.c.p.ResponseProcessCookies: Cookie spec not specified in HTTP context
2026-03-04 13:03:11,709 DEBUG o.a.h.i.c.PoolingHttpClientConnectionManager: Connection [id: 34][route: {}->http://127.0.0.1:8080][state: SpringThreadWithController 1-1] can be kept alive for 60.0 seconds
2026-03-04 13:03:11,709 DEBUG o.a.h.i.c.DefaultManagedHttpClientConnection: http-outgoing-34: set socket timeout to 0
2026-03-04 13:03:11,709 DEBUG o.a.h.i.c.PoolingHttpClientConnectionManager: Connection released: [id: 34][route: {}->http://127.0.0.1:8080][state: SpringThreadWithController 1-1][total available: 1; route allocated: 1 of 2; total allocated: 1 of 20]
2026-03-04 13:03:11,721 INFO o.a.j.t.JMeterThread: Thread is done: SpringThreadWithController 1-1
2026-03-04 13:03:11,722 INFO o.a.j.t.JMeterThread: Thread finished: SpringThreadWithController 1-1
2026-03-04 13:03:11,722 DEBUG o.a.h.i.c.PoolingHttpClientConnectionManager: Connection manager is shutting down
2026-03-04 13:03:11,722 DEBUG o.a.h.i.c.DefaultManagedHttpClientConnection: http-outgoing-34: Close connection
2026-03-04 13:03:11,722 DEBUG o.a.h.i.c.PoolingHttpClientConnectionManager: Connection manager shut down
2026-03-04 13:03:11,722 INFO o.a.j.e.StandardJMeterEngine: Notifying test listeners of end of test
2026-03-04 13:03:11,723 INFO o.a.j.g.u.JMeterMenuBar: setRunning(false, *local*)
