2026-03-16 16:56:15,454 INFO o.a.j.u.JMeterUtils: Setting Locale to en_EN
2026-03-16 16:56:15,494 INFO o.a.j.JMeter: Loading user properties from: user.properties
2026-03-16 16:56:15,496 INFO o.a.j.JMeter: Loading system properties from: system.properties
2026-03-16 16:56:15,507 INFO o.a.j.JMeter: Copyright (c) 1998-2024 The Apache Software Foundation
2026-03-16 16:56:15,508 INFO o.a.j.JMeter: Version 5.6.3
2026-03-16 16:56:15,508 INFO o.a.j.JMeter: java.version=21.0.8
2026-03-16 16:56:15,508 INFO o.a.j.JMeter: java.vm.name=Java HotSpot(TM) 64-Bit Server VM
2026-03-16 16:56:15,508 INFO o.a.j.JMeter: os.name=Windows 11
2026-03-16 16:56:15,508 INFO o.a.j.JMeter: os.arch=amd64
2026-03-16 16:56:15,508 INFO o.a.j.JMeter: os.version=10.0
2026-03-16 16:56:15,509 INFO o.a.j.JMeter: file.encoding=UTF-8
2026-03-16 16:56:15,509 INFO o.a.j.JMeter: java.awt.headless=true
2026-03-16 16:56:15,509 INFO o.a.j.JMeter: Max memory     =1073741824
2026-03-16 16:56:15,509 INFO o.a.j.JMeter: Available Processors =12
2026-03-16 16:56:15,529 INFO o.a.j.JMeter: Default Locale=English (EN)
2026-03-16 16:56:15,529 INFO o.a.j.JMeter: JMeter  Locale=English (EN)
2026-03-16 16:56:15,530 INFO o.a.j.JMeter: JMeterHome=C:\Users\SudeepFuji\Downloads\apache-jmeter-5.6.3\apache-jmeter-5.6.3
2026-03-16 16:56:15,530 INFO o.a.j.JMeter: user.dir  =C:\Users\SudeepFuji\Downloads\apache-jmeter-5.6.3\apache-jmeter-5.6.3\bin
2026-03-16 16:56:15,531 INFO o.a.j.JMeter: PWD       =C:\Users\SudeepFuji\Downloads\apache-jmeter-5.6.3\apache-jmeter-5.6.3\bin
2026-03-16 16:56:15,553 INFO o.a.j.JMeter: IP: 192.168.124.4 Name: 520-361 FullName: 520-361
2026-03-16 16:56:15,593 INFO o.a.j.JMeter: Setting property 'jmeter.reportgenerator.outputdir' to:'C:\Users\SudeepFuji\Downloads\apache-jmeter-5.6.3\apache-jmeter-5.6.3\bin\.\output'
2026-03-16 16:56:15,599 INFO o.a.j.s.FileServer: Default base='C:\Users\SudeepFuji\Downloads\apache-jmeter-5.6.3\apache-jmeter-5.6.3\bin'
2026-03-16 16:56:15,602 INFO o.a.j.s.FileServer: Set new base='C:\Users\SudeepFuji\Downloads\apache-jmeter-5.6.3\apache-jmeter-5.6.3\bin\.\TestPlanTemplate'
2026-03-16 16:56:15,926 INFO o.a.j.s.SaveService: Testplan (JMX) version: 2.2. Testlog (JTL) version: 2.2
2026-03-16 16:56:16,013 INFO o.a.j.s.SaveService: Using SaveService properties version 5.0
2026-03-16 16:56:16,019 INFO o.a.j.s.SaveService: Using SaveService properties file encoding UTF-8
2026-03-16 16:56:16,027 INFO o.a.j.s.SaveService: Loading file: .\TestPlanTemplate\OllamaThreadGroup.jmx
2026-03-16 16:56:16,195 INFO o.a.j.p.h.s.HTTPSamplerBase: Parser for text/html is org.apache.jmeter.protocol.http.parser.LagartoBasedHtmlParser
2026-03-16 16:56:16,195 INFO o.a.j.p.h.s.HTTPSamplerBase: Parser for application/xhtml+xml is org.apache.jmeter.protocol.http.parser.LagartoBasedHtmlParser
2026-03-16 16:56:16,195 INFO o.a.j.p.h.s.HTTPSamplerBase: Parser for application/xml is org.apache.jmeter.protocol.http.parser.LagartoBasedHtmlParser
2026-03-16 16:56:16,195 INFO o.a.j.p.h.s.HTTPSamplerBase: Parser for text/xml is org.apache.jmeter.protocol.http.parser.LagartoBasedHtmlParser
2026-03-16 16:56:16,196 INFO o.a.j.p.h.s.HTTPSamplerBase: Parser for text/vnd.wap.wml is org.apache.jmeter.protocol.http.parser.RegexpHTMLParser
2026-03-16 16:56:16,196 INFO o.a.j.p.h.s.HTTPSamplerBase: Parser for text/css is org.apache.jmeter.protocol.http.parser.CssParser
2026-03-16 16:56:16,246 INFO o.a.j.JMeter: Creating summariser <summary>
2026-03-16 16:56:16,255 INFO o.a.j.r.d.ReportGenerator: ReportGenerator will use for Parsing the separator: ','
2026-03-16 16:56:16,255 INFO o.a.j.r.d.ReportGenerator: Will generate report at end of test from  results file: results.jtl
2026-03-16 16:56:16,255 INFO o.a.j.r.d.ReportGenerator: Reading report generator properties from: C:\Users\SudeepFuji\Downloads\apache-jmeter-5.6.3\apache-jmeter-5.6.3\bin\reportgenerator.properties
2026-03-16 16:56:16,258 INFO o.a.j.r.d.ReportGenerator: Merging with JMeter properties
2026-03-16 16:56:16,266 INFO o.a.j.r.c.ReportGeneratorConfiguration: Property 'jmeter.reportgenerator.temp_dir' not found, using default value 'temp' instead.
2026-03-16 16:56:16,269 INFO o.a.j.r.c.ReportGeneratorConfiguration: Property 'jmeter.reportgenerator.apdex_per_transaction' not found, using default value 'null' instead.
2026-03-16 16:56:16,270 INFO o.a.j.r.c.ReportGeneratorConfiguration: apdex_per_transaction is empty, not APDEX per transaction customization
2026-03-16 16:56:16,270 INFO o.a.j.r.c.ReportGeneratorConfiguration: Property 'jmeter.reportgenerator.sample_filter' not found, using default value 'null' instead.
2026-03-16 16:56:16,271 INFO o.a.j.r.c.ReportGeneratorConfiguration: Will use date range start date: , end date:
2026-03-16 16:56:16,279 INFO o.a.j.r.c.ReportGeneratorConfiguration: Property 'jmeter.reportgenerator.graph.totalTPS.exclude_controllers' not found, using default value 'false' instead.
2026-03-16 16:56:16,280 INFO o.a.j.r.c.ReportGeneratorConfiguration: Property 'jmeter.reportgenerator.graph.activeThreadsOverTime.exclude_controllers' not found, using default value 'false' instead.
2026-03-16 16:56:16,280 INFO o.a.j.r.c.ReportGeneratorConfiguration: Property 'jmeter.reportgenerator.graph.timeVsThreads.exclude_controllers' not found, using default value 'false' instead.
2026-03-16 16:56:16,280 INFO o.a.j.r.c.ReportGeneratorConfiguration: Property 'jmeter.reportgenerator.graph.responseTimeDistribution.exclude_controllers' not found, using default value 'false' instead.
2026-03-16 16:56:16,281 INFO o.a.j.r.c.ReportGeneratorConfiguration: Property 'jmeter.reportgenerator.graph.transactionsPerSecond.exclude_controllers' not found, using default value 'false' instead.
2026-03-16 16:56:16,281 INFO o.a.j.r.c.ReportGeneratorConfiguration: Property 'jmeter.reportgenerator.graph.responseTimePercentiles.exclude_controllers' not found, using default value 'false' instead.
2026-03-16 16:56:16,281 INFO o.a.j.r.c.ReportGeneratorConfiguration: Property 'jmeter.reportgenerator.graph.responseTimePercentilesOverTime.exclude_controllers' not found, using default value 'false' instead.
2026-03-16 16:56:16,281 INFO o.a.j.r.c.ReportGeneratorConfiguration: Property 'jmeter.reportgenerator.graph.responseTimesOverTime.exclude_controllers' not found, using default value 'false' instead.
2026-03-16 16:56:16,282 INFO o.a.j.r.c.ReportGeneratorConfiguration: Property 'jmeter.reportgenerator.graph.connectTimeOverTime.exclude_controllers' not found, using default value 'false' instead.
2026-03-16 16:56:16,282 INFO o.a.j.r.c.ReportGeneratorConfiguration: Property 'jmeter.reportgenerator.graph.latenciesOverTime.exclude_controllers' not found, using default value 'false' instead.
2026-03-16 16:56:16,283 INFO o.a.j.r.c.ReportGeneratorConfiguration: Property 'jmeter.reportgenerator.exporter.json.filters_only_sample_series' not found, using default value 'true' instead.
2026-03-16 16:56:16,284 INFO o.a.j.r.c.ReportGeneratorConfiguration: Property 'jmeter.reportgenerator.exporter.json.series_filter' not found, using default value '' instead.
2026-03-16 16:56:16,284 INFO o.a.j.r.c.ReportGeneratorConfiguration: Property 'jmeter.reportgenerator.exporter.json.show_controllers_only' not found, using default value 'false' instead.
2026-03-16 16:56:16,307 INFO o.a.j.e.StandardJMeterEngine: Running the test!
2026-03-16 16:56:16,308 INFO o.a.j.s.SampleEvent: List of sample_variables: []
2026-03-16 16:56:16,309 INFO o.a.j.s.SampleEvent: List of sample_variables: []
2026-03-16 16:56:16,319 INFO o.a.j.e.u.CompoundVariable: Note: Function class names must contain the string: '.functions.'
2026-03-16 16:56:16,319 INFO o.a.j.e.u.CompoundVariable: Note: Function class names must not contain the string: '.gui.'
2026-03-16 16:56:16,843 INFO o.a.j.JMeter: Running test (1773647776843)
2026-03-16 16:56:16,845 INFO o.a.j.e.StandardJMeterEngine: Starting setUp thread groups
2026-03-16 16:56:16,845 INFO o.a.j.e.StandardJMeterEngine: Starting setUp ThreadGroup: 1 : OllamaThreadGroup
2026-03-16 16:56:16,846 INFO o.a.j.e.StandardJMeterEngine: Starting 2 threads for group OllamaThreadGroup.
2026-03-16 16:56:16,846 INFO o.a.j.e.StandardJMeterEngine: Thread will continue on error
2026-03-16 16:56:16,846 INFO o.a.j.t.ThreadGroup: Starting thread group... number=1 threads=2 ramp-up=1 delayedStart=false
2026-03-16 16:56:16,852 INFO o.a.j.t.ThreadGroup: Started thread group number 1
2026-03-16 16:56:16,852 INFO o.a.j.e.StandardJMeterEngine: Waiting for all setup thread groups to exit
2026-03-16 16:56:16,864 INFO o.a.j.t.JMeterThread: Thread started: OllamaThreadGroup 1-1
2026-03-16 16:56:16,866 INFO o.a.j.s.FileServer: Stored: C:/Users/SudeepFuji/Downloads/apache-jmeter-5.6.3/apache-jmeter-5.6.3/bin/csvDataConfig/UsersData.csv
2026-03-16 16:56:17,361 INFO o.a.j.t.JMeterThread: Thread started: OllamaThreadGroup 1-2
2026-03-16 16:56:18,484 INFO o.a.j.m.J.JSR223 PreProcessor: Start of preTestScript
2026-03-16 16:56:18,484 INFO o.a.j.m.J.JSR223 PreProcessor: Start of preTestScript
2026-03-16 16:56:18,500 INFO o.a.j.m.J.JSR223 PreProcessor: Username :sudh
 Password :password
2026-03-16 16:56:18,500 INFO o.a.j.m.J.JSR223 PreProcessor: Username :sudh
 Password :password
2026-03-16 16:56:18,500 INFO o.a.j.m.J.JSR223 PreProcessor: Message insertion
2026-03-16 16:56:18,500 INFO o.a.j.m.J.JSR223 PreProcessor: Message insertion
2026-03-16 16:56:18,502 INFO o.a.j.m.J.JSR223 PreProcessor: This is a message: what%27s%20the%20temperature%20in%20yokohama,%20japan?
2026-03-16 16:56:18,502 INFO o.a.j.m.J.JSR223 PreProcessor: End of preTestScript
2026-03-16 16:56:18,502 INFO o.a.j.m.J.JSR223 PreProcessor: This is a message: what%27s%20the%20temperature%20in%20yokohama,%20japan?
2026-03-16 16:56:18,502 INFO o.a.j.m.J.JSR223 PreProcessor: End of preTestScript
2026-03-16 16:56:18,524 INFO o.a.j.p.h.s.HTTPHCAbstractImpl: Local host = 520-361
2026-03-16 16:56:18,533 INFO o.a.j.p.h.s.HTTPHC4Impl: HTTP request retry count = 0
2026-03-16 16:56:18,534 INFO o.a.j.s.SampleResult: Note: Sample TimeStamps are START times
2026-03-16 16:56:18,534 INFO o.a.j.s.SampleResult: sampleresult.default.encoding is set to UTF-8
2026-03-16 16:56:18,534 INFO o.a.j.s.SampleResult: sampleresult.useNanoTime=true
2026-03-16 16:56:18,534 INFO o.a.j.s.SampleResult: sampleresult.nanoThreadSleep=5000
2026-03-16 16:56:18,675 DEBUG o.a.h.c.p.RequestAddCookies: CookieSpec selected: default
2026-03-16 16:56:18,675 DEBUG o.a.h.c.p.RequestAddCookies: CookieSpec selected: default
2026-03-16 16:56:18,675 DEBUG o.a.h.c.p.RequestAddCookies: Unsupported cookie policy: default
2026-03-16 16:56:18,675 DEBUG o.a.h.c.p.RequestAddCookies: Unsupported cookie policy: default
2026-03-16 16:56:18,676 DEBUG o.a.h.c.p.RequestAuthCache: Auth cache not set in the context
2026-03-16 16:56:18,676 DEBUG o.a.h.c.p.RequestAuthCache: Auth cache not set in the context
2026-03-16 16:56:18,677 DEBUG o.a.h.i.c.PoolingHttpClientConnectionManager: Connection request: [route: {}->http://localhost:8080][state: OllamaThreadGroup 1-2][total available: 0; route allocated: 0 of 2; total allocated: 0 of 20]
2026-03-16 16:56:18,677 DEBUG o.a.h.i.c.PoolingHttpClientConnectionManager: Connection request: [route: {}->http://localhost:8080][state: OllamaThreadGroup 1-1][total available: 0; route allocated: 0 of 2; total allocated: 0 of 20]
2026-03-16 16:56:18,689 DEBUG o.a.h.i.c.PoolingHttpClientConnectionManager: Connection leased: [id: 1][route: {}->http://localhost:8080][total available: 0; route allocated: 1 of 2; total allocated: 1 of 20]
2026-03-16 16:56:18,689 DEBUG o.a.h.i.c.PoolingHttpClientConnectionManager: Connection leased: [id: 0][route: {}->http://localhost:8080][total available: 0; route allocated: 1 of 2; total allocated: 1 of 20]
2026-03-16 16:56:18,691 DEBUG o.a.h.i.e.MainClientExec: Opening connection {}->http://localhost:8080
2026-03-16 16:56:18,691 DEBUG o.a.h.i.e.MainClientExec: Opening connection {}->http://localhost:8080
2026-03-16 16:56:18,705 DEBUG o.a.h.i.e.MainClientExec: Executing request GET /advisor/login?username=sudh&password=password&message=hi HTTP/1.1
2026-03-16 16:56:18,705 DEBUG o.a.h.i.e.MainClientExec: Executing request GET /advisor/login?username=sudh&password=password&message=hi HTTP/1.1
2026-03-16 16:56:18,705 DEBUG o.a.h.i.e.MainClientExec: Target auth state: UNCHALLENGED
2026-03-16 16:56:18,705 DEBUG o.a.h.i.e.MainClientExec: Target auth state: UNCHALLENGED
2026-03-16 16:56:18,706 DEBUG o.a.h.i.e.MainClientExec: Proxy auth state: UNCHALLENGED
2026-03-16 16:56:18,706 DEBUG o.a.h.i.e.MainClientExec: Proxy auth state: UNCHALLENGED
2026-03-16 16:56:18,708 DEBUG o.a.h.headers: http-outgoing-1 >> GET /advisor/login?username=sudh&password=password&message=hi HTTP/1.1
2026-03-16 16:56:18,708 DEBUG o.a.h.headers: http-outgoing-0 >> GET /advisor/login?username=sudh&password=password&message=hi HTTP/1.1
2026-03-16 16:56:18,708 DEBUG o.a.h.headers: http-outgoing-1 >> Connection: keep-alive
2026-03-16 16:56:18,708 DEBUG o.a.h.headers: http-outgoing-0 >> Connection: keep-alive
2026-03-16 16:56:18,708 DEBUG o.a.h.headers: http-outgoing-1 >> Host: localhost:8080
2026-03-16 16:56:18,708 DEBUG o.a.h.headers: http-outgoing-0 >> Host: localhost:8080
2026-03-16 16:56:18,708 DEBUG o.a.h.headers: http-outgoing-1 >> User-Agent: Apache-HttpClient/4.5.14 (Java/21.0.8)
2026-03-16 16:56:18,708 DEBUG o.a.h.headers: http-outgoing-0 >> User-Agent: Apache-HttpClient/4.5.14 (Java/21.0.8)
2026-03-16 16:56:18,708 DEBUG o.a.h.wire: http-outgoing-0 >> "GET /advisor/login?username=sudh&password=password&message=hi HTTP/1.1[\r][\n]"
2026-03-16 16:56:18,708 DEBUG o.a.h.wire: http-outgoing-1 >> "GET /advisor/login?username=sudh&password=password&message=hi HTTP/1.1[\r][\n]"
2026-03-16 16:56:18,708 DEBUG o.a.h.wire: http-outgoing-0 >> "Connection: keep-alive[\r][\n]"
2026-03-16 16:56:18,708 DEBUG o.a.h.wire: http-outgoing-1 >> "Connection: keep-alive[\r][\n]"
2026-03-16 16:56:18,708 DEBUG o.a.h.wire: http-outgoing-0 >> "Host: localhost:8080[\r][\n]"
2026-03-16 16:56:18,708 DEBUG o.a.h.wire: http-outgoing-0 >> "User-Agent: Apache-HttpClient/4.5.14 (Java/21.0.8)[\r][\n]"
2026-03-16 16:56:18,708 DEBUG o.a.h.wire: http-outgoing-1 >> "Host: localhost:8080[\r][\n]"
2026-03-16 16:56:18,708 DEBUG o.a.h.wire: http-outgoing-0 >> "[\r][\n]"
2026-03-16 16:56:18,708 DEBUG o.a.h.wire: http-outgoing-1 >> "User-Agent: Apache-HttpClient/4.5.14 (Java/21.0.8)[\r][\n]"
2026-03-16 16:56:18,709 DEBUG o.a.h.wire: http-outgoing-1 >> "[\r][\n]"
2026-03-16 16:56:26,275 DEBUG o.a.h.wire: http-outgoing-1 << "HTTP/1.1 200 [\r][\n]"
2026-03-16 16:56:26,276 DEBUG o.a.h.wire: http-outgoing-1 << "Content-Type: text/plain;charset=UTF-8[\r][\n]"
2026-03-16 16:56:26,276 DEBUG o.a.h.wire: http-outgoing-1 << "Content-Length: 116[\r][\n]"
2026-03-16 16:56:26,276 DEBUG o.a.h.wire: http-outgoing-1 << "Date: Mon, 16 Mar 2026 07:56:26 GMT[\r][\n]"
2026-03-16 16:56:26,277 DEBUG o.a.h.wire: http-outgoing-1 << "Keep-Alive: timeout=60[\r][\n]"
2026-03-16 16:56:26,277 DEBUG o.a.h.wire: http-outgoing-1 << "Connection: keep-alive[\r][\n]"
2026-03-16 16:56:26,277 DEBUG o.a.h.wire: http-outgoing-1 << "[\r][\n]"
2026-03-16 16:56:26,277 DEBUG o.a.h.wire: http-outgoing-1 << "Hi there! How's your day going? [0xf0][0x9f][0x98][0x8a] [\n]"
2026-03-16 16:56:26,277 DEBUG o.a.h.wire: http-outgoing-1 << "[\n]"
2026-03-16 16:56:26,277 DEBUG o.a.h.wire: http-outgoing-1 << "Is there anything you[0xe2][0x80][0x99]d like to talk about or anything I can help you with?"
2026-03-16 16:56:26,281 DEBUG o.a.h.headers: http-outgoing-1 << HTTP/1.1 200
2026-03-16 16:56:26,281 DEBUG o.a.h.headers: http-outgoing-1 << Content-Type: text/plain;charset=UTF-8
2026-03-16 16:56:26,281 DEBUG o.a.h.headers: http-outgoing-1 << Content-Length: 116
2026-03-16 16:56:26,281 DEBUG o.a.h.headers: http-outgoing-1 << Date: Mon, 16 Mar 2026 07:56:26 GMT
2026-03-16 16:56:26,282 DEBUG o.a.h.headers: http-outgoing-1 << Keep-Alive: timeout=60
2026-03-16 16:56:26,282 DEBUG o.a.h.headers: http-outgoing-1 << Connection: keep-alive
2026-03-16 16:56:26,288 DEBUG o.a.h.i.e.MainClientExec: Connection can be kept alive for 60000 MILLISECONDS
2026-03-16 16:56:26,290 DEBUG o.a.h.c.p.ResponseProcessCookies: Cookie spec not specified in HTTP context
2026-03-16 16:56:26,292 DEBUG o.a.h.i.c.PoolingHttpClientConnectionManager: Connection [id: 0][route: {}->http://localhost:8080][state: OllamaThreadGroup 1-1] can be kept alive for 60.0 seconds
2026-03-16 16:56:26,292 DEBUG o.a.h.i.c.DefaultManagedHttpClientConnection: http-outgoing-1: set socket timeout to 0
2026-03-16 16:56:26,292 DEBUG o.a.h.i.c.PoolingHttpClientConnectionManager: Connection released: [id: 0][route: {}->http://localhost:8080][state: OllamaThreadGroup 1-1][total available: 1; route allocated: 1 of 2; total allocated: 1 of 20]
2026-03-16 16:56:26,525 INFO o.a.j.e.J.JSR223 PostProcessor: Post: Start of postTestScript
2026-03-16 16:56:26,542 INFO o.a.j.e.J.JSR223 PostProcessor: Groovy previous response code 200
2026-03-16 16:56:26,545 INFO o.a.j.e.J.JSR223 PostProcessor: Post: Successfully retrieved Response code
2026-03-16 16:56:26,548 INFO o.a.j.e.J.JSR223 PostProcessor: Post: Header:HTTP/1.1 200
Content-Type: text/plain;charset=UTF-8
Content-Length: 116
Date: Mon, 16 Mar 2026 07:56:26 GMT
Keep-Alive: timeout=60
Connection: keep-alive

2026-03-16 16:56:26,550 INFO o.a.j.e.J.JSR223 PostProcessor: Post: Content:text/plain;charset=UTF-8
2026-03-16 16:56:26,552 INFO o.a.j.e.J.JSR223 PostProcessor: Post: ThreadName:OllamaThreadGroup 1-1
2026-03-16 16:56:26,552 INFO o.a.j.e.J.JSR223 PostProcessor: Post: End of PostTestScript
2026-03-16 16:56:26,641 INFO o.a.j.a.J.JSR223 Assertion: Sampler: Start of sampler script
2026-03-16 16:56:26,644 INFO o.a.j.a.J.JSR223 Assertion: Response data :Hi there! How's your day going? 😊

Is there anything you’d like to talk about or anything I can help you with?
2026-03-16 16:56:26,645 INFO o.a.j.a.J.JSR223 Assertion: Groovy previous response code 200
2026-03-16 16:56:26,645 INFO o.a.j.a.J.JSR223 Assertion: 200
2026-03-16 16:56:26,647 WARN o.a.j.a.J.JSR223 Assertion: Successfully retrieved Response code
2026-03-16 16:56:26,649 INFO o.a.j.a.J.JSR223 Assertion: Sampler: End of samplerTestScript
2026-03-16 16:56:26,653 INFO o.a.j.t.JMeterThread: Thread is done: OllamaThreadGroup 1-1
2026-03-16 16:56:26,653 INFO o.a.j.t.JMeterThread: Thread finished: OllamaThreadGroup 1-1
2026-03-16 16:56:26,653 DEBUG o.a.h.i.c.PoolingHttpClientConnectionManager: Connection manager is shutting down
2026-03-16 16:56:26,654 DEBUG o.a.h.i.c.DefaultManagedHttpClientConnection: http-outgoing-1: Close connection
2026-03-16 16:56:26,655 DEBUG o.a.h.i.c.PoolingHttpClientConnectionManager: Connection manager shut down
2026-03-16 16:56:27,085 DEBUG o.a.h.wire: http-outgoing-0 << "HTTP/1.1 200 [\r][\n]"
2026-03-16 16:56:27,085 DEBUG o.a.h.wire: http-outgoing-0 << "Content-Type: text/plain;charset=UTF-8[\r][\n]"
2026-03-16 16:56:27,085 DEBUG o.a.h.wire: http-outgoing-0 << "Content-Length: 102[\r][\n]"
2026-03-16 16:56:27,085 DEBUG o.a.h.wire: http-outgoing-0 << "Date: Mon, 16 Mar 2026 07:56:27 GMT[\r][\n]"
2026-03-16 16:56:27,085 DEBUG o.a.h.wire: http-outgoing-0 << "Keep-Alive: timeout=60[\r][\n]"
2026-03-16 16:56:27,085 DEBUG o.a.h.wire: http-outgoing-0 << "Connection: keep-alive[\r][\n]"
2026-03-16 16:56:27,085 DEBUG o.a.h.wire: http-outgoing-0 << "[\r][\n]"
2026-03-16 16:56:27,085 DEBUG o.a.h.wire: http-outgoing-0 << "Hi there! How's your day going so far? [0xf0][0x9f][0x98][0x8a] [\n]"
2026-03-16 16:56:27,086 DEBUG o.a.h.wire: http-outgoing-0 << "[\n]"
2026-03-16 16:56:27,086 DEBUG o.a.h.wire: http-outgoing-0 << "Is there anything you[0xe2][0x80][0x99]d like to chat about or tell me?"
2026-03-16 16:56:27,086 DEBUG o.a.h.headers: http-outgoing-0 << HTTP/1.1 200
2026-03-16 16:56:27,086 DEBUG o.a.h.headers: http-outgoing-0 << Content-Type: text/plain;charset=UTF-8
2026-03-16 16:56:27,087 DEBUG o.a.h.headers: http-outgoing-0 << Content-Length: 102
2026-03-16 16:56:27,087 DEBUG o.a.h.headers: http-outgoing-0 << Date: Mon, 16 Mar 2026 07:56:27 GMT
2026-03-16 16:56:27,087 DEBUG o.a.h.headers: http-outgoing-0 << Keep-Alive: timeout=60
2026-03-16 16:56:27,087 DEBUG o.a.h.headers: http-outgoing-0 << Connection: keep-alive
2026-03-16 16:56:27,087 DEBUG o.a.h.i.e.MainClientExec: Connection can be kept alive for 60000 MILLISECONDS
2026-03-16 16:56:27,087 DEBUG o.a.h.c.p.ResponseProcessCookies: Cookie spec not specified in HTTP context
2026-03-16 16:56:27,088 DEBUG o.a.h.i.c.PoolingHttpClientConnectionManager: Connection [id: 1][route: {}->http://localhost:8080][state: OllamaThreadGroup 1-2] can be kept alive for 60.0 seconds
2026-03-16 16:56:27,088 DEBUG o.a.h.i.c.DefaultManagedHttpClientConnection: http-outgoing-0: set socket timeout to 0
2026-03-16 16:56:27,088 DEBUG o.a.h.i.c.PoolingHttpClientConnectionManager: Connection released: [id: 1][route: {}->http://localhost:8080][state: OllamaThreadGroup 1-2][total available: 1; route allocated: 1 of 2; total allocated: 1 of 20]
2026-03-16 16:56:27,089 INFO o.a.j.e.J.JSR223 PostProcessor: Post: Start of postTestScript
2026-03-16 16:56:27,090 INFO o.a.j.e.J.JSR223 PostProcessor: Groovy previous response code 200
2026-03-16 16:56:27,090 INFO o.a.j.e.J.JSR223 PostProcessor: Post: Successfully retrieved Response code
2026-03-16 16:56:27,090 INFO o.a.j.e.J.JSR223 PostProcessor: Post: Header:HTTP/1.1 200
Content-Type: text/plain;charset=UTF-8
Content-Length: 102
Date: Mon, 16 Mar 2026 07:56:27 GMT
Keep-Alive: timeout=60
Connection: keep-alive

2026-03-16 16:56:27,090 INFO o.a.j.e.J.JSR223 PostProcessor: Post: Content:text/plain;charset=UTF-8
2026-03-16 16:56:27,090 INFO o.a.j.e.J.JSR223 PostProcessor: Post: ThreadName:OllamaThreadGroup 1-2
2026-03-16 16:56:27,090 INFO o.a.j.e.J.JSR223 PostProcessor: Post: End of PostTestScript
2026-03-16 16:56:27,091 INFO o.a.j.a.J.JSR223 Assertion: Sampler: Start of sampler script
2026-03-16 16:56:27,092 INFO o.a.j.a.J.JSR223 Assertion: Response data :Hi there! How's your day going so far? 😊

Is there anything you’d like to chat about or tell me?
2026-03-16 16:56:27,092 INFO o.a.j.a.J.JSR223 Assertion: Groovy previous response code 200
2026-03-16 16:56:27,092 INFO o.a.j.a.J.JSR223 Assertion: 200
2026-03-16 16:56:27,092 WARN o.a.j.a.J.JSR223 Assertion: Successfully retrieved Response code
2026-03-16 16:56:27,092 INFO o.a.j.a.J.JSR223 Assertion: Sampler: End of samplerTestScript
2026-03-16 16:56:27,093 INFO o.a.j.t.JMeterThread: Thread is done: OllamaThreadGroup 1-2
2026-03-16 16:56:27,093 INFO o.a.j.t.JMeterThread: Thread finished: OllamaThreadGroup 1-2
2026-03-16 16:56:27,093 DEBUG o.a.h.i.c.PoolingHttpClientConnectionManager: Connection manager is shutting down
2026-03-16 16:56:27,093 DEBUG o.a.h.i.c.DefaultManagedHttpClientConnection: http-outgoing-0: Close connection
2026-03-16 16:56:27,093 DEBUG o.a.h.i.c.PoolingHttpClientConnectionManager: Connection manager shut down
2026-03-16 16:56:27,093 INFO o.a.j.e.StandardJMeterEngine: All Setup Threads have ended
2026-03-16 16:56:27,127 INFO o.a.j.e.StandardJMeterEngine: No enabled thread groups found
2026-03-16 16:56:27,127 INFO o.a.j.e.StandardJMeterEngine: Notifying test listeners of end of test
2026-03-16 16:56:27,127 INFO o.a.j.s.FileServer: Close: C:/Users/SudeepFuji/Downloads/apache-jmeter-5.6.3/apache-jmeter-5.6.3/bin/csvDataConfig/UsersData.csv
2026-03-16 16:56:27,139 INFO o.a.j.r.Summariser: summary =      2 in 00:00:10 =    0.2/s Avg:  8042 Min:  7644 Max:  8440 Err:     0 (0.00%)
2026-03-16 16:56:27,140 INFO o.a.j.JMeter: Generating Dashboard
2026-03-16 16:56:27,140 INFO o.a.j.r.d.ReportGenerator: Flushing result collector before report Generation
2026-03-16 16:56:27,167 INFO o.a.j.r.p.NormalizerSampleConsumer: Using format, 'ms', to parse timeStamp field
2026-03-16 16:56:27,344 INFO o.a.j.r.p.AbstractSampleConsumer: class org.apache.jmeter.report.processor.AggregateConsumer#stopProducing(): beginDate produced 0 samples
2026-03-16 16:56:27,344 INFO o.a.j.r.p.AbstractSampleConsumer: class org.apache.jmeter.report.processor.AggregateConsumer#stopProducing(): endDate produced 0 samples
2026-03-16 16:56:27,348 INFO o.a.j.r.p.AbstractSampleConsumer: class org.apache.jmeter.report.processor.ApdexSummaryConsumer#stopProducing(): apdexSummary produced 0 samples
2026-03-16 16:56:27,348 INFO o.a.j.r.p.AbstractSampleConsumer: class org.apache.jmeter.report.processor.RequestsSummaryConsumer#stopProducing(): requestsSummary produced 0 samples
2026-03-16 16:56:27,368 INFO o.a.j.r.p.AbstractSampleConsumer: class org.apache.jmeter.report.processor.StatisticsSummaryConsumer#stopProducing(): statisticsSummary produced 0 samples
2026-03-16 16:56:27,376 INFO o.a.j.r.p.AbstractSampleConsumer: class org.apache.jmeter.report.processor.Top5ErrorsBySamplerConsumer#stopProducing(): top5ErrorsBySampler produced 0 samples
2026-03-16 16:56:27,377 INFO o.a.j.r.p.AbstractSampleConsumer: class org.apache.jmeter.report.processor.ErrorsSummaryConsumer#stopProducing(): errorsSummary produced 0 samples
2026-03-16 16:56:27,377 INFO o.a.j.r.p.AbstractSampleConsumer: class org.apache.jmeter.report.processor.graph.impl.HitsPerSecondGraphConsumer#stopProducing(): hitsPerSecond produced 0 samples
2026-03-16 16:56:27,401 INFO o.a.j.r.p.AbstractSampleConsumer: class org.apache.jmeter.report.processor.graph.impl.LatencyVSRequestGraphConsumer#stopProducing(): latencyVsRequest produced 0 samples
2026-03-16 16:56:27,401 INFO o.a.j.r.p.AbstractSampleConsumer: class org.apache.jmeter.report.processor.graph.impl.SyntheticResponseTimeDistributionGraphConsumer#stopProducing(): syntheticResponseTimeDistribution produced 0 samples
2026-03-16 16:56:27,403 INFO o.a.j.r.p.AbstractSampleConsumer: class org.apache.jmeter.report.processor.graph.impl.BytesThroughputGraphConsumer#stopProducing(): bytesThroughputOverTime produced 0 samples
2026-03-16 16:56:27,403 INFO o.a.j.r.p.AbstractSampleConsumer: class org.apache.jmeter.report.processor.graph.impl.CodesPerSecondGraphConsumer#stopProducing(): codesPerSecond produced 0 samples
2026-03-16 16:56:27,408 INFO o.a.j.r.p.AbstractSampleConsumer: class org.apache.jmeter.report.processor.graph.impl.ResponseTimeVSRequestGraphConsumer#stopProducing(): responseTimeVsRequest produced 0 samples
2026-03-16 16:56:27,408 INFO o.a.j.r.p.AbstractSampleConsumer: class org.apache.jmeter.report.processor.FilterConsumer#stopProducing(): startIntervalControlerFilter produced 14 samples
2026-03-16 16:56:27,408 INFO o.a.j.r.p.AbstractSampleConsumer: class org.apache.jmeter.report.processor.graph.impl.TotalTPSGraphConsumer#stopProducing(): totalTPS produced 0 samples
2026-03-16 16:56:27,409 INFO o.a.j.r.p.AbstractSampleConsumer: class org.apache.jmeter.report.processor.graph.impl.ActiveThreadsGraphConsumer#stopProducing(): activeThreadsOverTime produced 0 samples
2026-03-16 16:56:27,409 INFO o.a.j.r.p.AbstractSampleConsumer: class org.apache.jmeter.report.processor.graph.impl.TimeVSThreadGraphConsumer#stopProducing(): timeVsThreads produced 0 samples
2026-03-16 16:56:27,409 INFO o.a.j.r.p.AbstractSampleConsumer: class org.apache.jmeter.report.processor.graph.impl.ResponseTimeDistributionGraphConsumer#stopProducing(): responseTimeDistribution produced 0 samples
2026-03-16 16:56:27,409 INFO o.a.j.r.p.AbstractSampleConsumer: class org.apache.jmeter.report.processor.graph.impl.TransactionsPerSecondGraphConsumer#stopProducing(): transactionsPerSecond produced 0 samples
2026-03-16 16:56:27,409 INFO o.a.j.r.p.AbstractSampleConsumer: class org.apache.jmeter.report.processor.graph.impl.ResponseTimePercentilesGraphConsumer#stopProducing(): responseTimePercentiles produced 0 samples
2026-03-16 16:56:27,411 INFO o.a.j.r.p.AbstractSampleConsumer: class org.apache.jmeter.report.processor.graph.impl.ResponseTimePercentilesOverTimeGraphConsumer#stopProducing(): responseTimePercentilesOverTime produced 0 samples
2026-03-16 16:56:27,411 INFO o.a.j.r.p.AbstractSampleConsumer: class org.apache.jmeter.report.processor.graph.impl.ResponseTimeOverTimeGraphConsumer#stopProducing(): responseTimesOverTime produced 0 samples
2026-03-16 16:56:27,411 INFO o.a.j.r.p.AbstractSampleConsumer: class org.apache.jmeter.report.processor.graph.impl.ConnectTimeOverTimeGraphConsumer#stopProducing(): connectTimeOverTime produced 0 samples
2026-03-16 16:56:27,411 INFO o.a.j.r.p.AbstractSampleConsumer: class org.apache.jmeter.report.processor.graph.impl.LatencyOverTimeGraphConsumer#stopProducing(): latenciesOverTime produced 0 samples
2026-03-16 16:56:27,412 INFO o.a.j.r.p.AbstractSampleConsumer: class org.apache.jmeter.report.processor.FilterConsumer#stopProducing(): nameFilter produced 30 samples
2026-03-16 16:56:27,412 INFO o.a.j.r.p.AbstractSampleConsumer: class org.apache.jmeter.report.processor.FilterConsumer#stopProducing(): dateRangeFilter produced 6 samples
2026-03-16 16:56:27,412 INFO o.a.j.r.p.AbstractSampleConsumer: class org.apache.jmeter.report.processor.NormalizerSampleConsumer#stopProducing(): normalizer produced 2 samples
2026-03-16 16:56:27,413 INFO o.a.j.r.p.CsvFileSampleSource: produce(): 2 samples produced in 197ms on channel 0
2026-03-16 16:56:27,413 INFO o.a.j.r.d.ReportGenerator: Exporting data using exporter:'json' of className:'org.apache.jmeter.report.dashboard.JsonExporter'
2026-03-16 16:56:27,575 INFO o.a.j.r.d.JsonExporter: Found data for consumer statisticsSummary in context
2026-03-16 16:56:27,576 INFO o.a.j.r.d.JsonExporter: Creating statistics for overall
2026-03-16 16:56:27,577 INFO o.a.j.r.d.JsonExporter: Creating statistics for other transactions
2026-03-16 16:56:27,578 INFO o.a.j.r.d.JsonExporter: Checking output folder
2026-03-16 16:56:27,579 INFO o.a.j.r.d.JsonExporter: Writing statistics JSON to C:\Users\SudeepFuji\Downloads\apache-jmeter-5.6.3\apache-jmeter-5.6.3\bin\.\output\statistics.json
2026-03-16 16:56:27,664 INFO o.a.j.r.d.ReportGenerator: Exporting data using exporter:'html' of className:'org.apache.jmeter.report.dashboard.HtmlTemplateExporter'
2026-03-16 16:56:27,670 INFO o.a.j.r.d.HtmlTemplateExporter: Will generate dashboard in folder: C:\Users\SudeepFuji\Downloads\apache-jmeter-5.6.3\apache-jmeter-5.6.3\bin\.\output
2026-03-16 16:56:27,678 WARN o.a.j.r.d.HtmlTemplateExporter: No series matches the series_filter: series_filter in graph: totalTPS
2026-03-16 16:56:27,680 WARN o.a.j.r.d.HtmlTemplateExporter: No series matches the series_filter: series_filter in graph: timeVsThreads
2026-03-16 16:56:27,680 WARN o.a.j.r.d.HtmlTemplateExporter: No series matches the series_filter: series_filter in graph: responseTimeDistribution
2026-03-16 16:56:27,681 WARN o.a.j.r.d.HtmlTemplateExporter: No series matches the series_filter: series_filter in graph: transactionsPerSecond
2026-03-16 16:56:27,681 WARN o.a.j.r.d.HtmlTemplateExporter: No series matches the series_filter: series_filter in graph: responseTimePercentiles
2026-03-16 16:56:27,705 WARN o.a.j.r.d.HtmlTemplateExporter: No series matches the series_filter: series_filter in graph: responseTimesOverTime
2026-03-16 16:56:27,706 WARN o.a.j.r.d.HtmlTemplateExporter: No series matches the series_filter: series_filter in graph: connectTimeOverTime
2026-03-16 16:56:27,707 WARN o.a.j.r.d.HtmlTemplateExporter: No series matches the series_filter: series_filter in graph: latenciesOverTime
2026-03-16 16:56:27,893 INFO o.a.j.r.d.HtmlTemplateExporter: Report will be generated in: C:\Users\SudeepFuji\Downloads\apache-jmeter-5.6.3\apache-jmeter-5.6.3\bin\.\output, creating folder structure
2026-03-16 16:56:27,899 INFO o.a.j.r.d.TemplateVisitor: Copying folder from 'C:\Users\SudeepFuji\Downloads\apache-jmeter-5.6.3\apache-jmeter-5.6.3\bin\report-template' to 'C:\Users\SudeepFuji\Downloads\apache-jmeter-5.6.3\apache-jmeter-5.6.3\bin\.\output', got message: C:\Users\SudeepFuji\Downloads\apache-jmeter-5.6.3\apache-jmeter-5.6.3\bin\.\output, found non empty folder with following content [C:\Users\SudeepFuji\Downloads\apache-jmeter-5.6.3\apache-jmeter-5.6.3\bin\.\output\statistics.json], will be ignored
2026-03-16 16:56:28,971 INFO o.a.j.JMeter: Dashboard generated
